  Application.cpp
  Engine.cpp
C:\Facultate\LearningVulkan\VulkanEngine\GraphicsPipeline.hpp(137,50): warning C4244: '=': conversion from 'uint32_t' to 'float', possible loss of data
C:\Facultate\LearningVulkan\VulkanEngine\GraphicsPipeline.hpp(138,51): warning C4244: '=': conversion from 'uint32_t' to 'float', possible loss of data
C:\Facultate\LearningVulkan\VulkanEngine\GraphicsPipeline.hpp(144,22): warning C4244: '=': conversion from 'float' to 'int32_t', possible loss of data
C:\Facultate\LearningVulkan\VulkanEngine\GraphicsPipeline.hpp(145,22): warning C4244: '=': conversion from 'float' to 'int32_t', possible loss of data
C:\Facultate\LearningVulkan\VulkanEngine\GraphicsPipeline.hpp(179,57): warning C4267: '=': conversion from 'size_t' to 'uint32_t', possible loss of data
C:\Facultate\LearningVulkan\VulkanEngine\FrameBuffer.hpp(26,56): warning C4267: '=': conversion from 'size_t' to 'uint32_t', possible loss of data
C:\Facultate\LearningVulkan\VulkanEngine\Engine.cpp(229,22): warning C4834: discarding return value of function with 'nodiscard' attribute
C:\Facultate\LearningVulkan\VulkanEngine\Engine.cpp(230,20): warning C4834: discarding return value of function with 'nodiscard' attribute
C:\Facultate\LearningVulkan\VulkanEngine\Engine.cpp(276,26): warning C4834: discarding return value of function with 'nodiscard' attribute
  main.cpp
  Scene.cpp
  Generating Code...
C:\Facultate\LearningVulkan\VulkanEngine\Logging.hpp(204): warning C4715: 'vkInit::logPresentMode': not all control paths return a value
C:\Facultate\LearningVulkan\VulkanEngine\Shaders\Shaders.h(58): warning C4715: 'vkUtil::createShaderModule': not all control paths return a value
C:\Facultate\LearningVulkan\VulkanEngine\GraphicsPipeline.hpp(51): warning C4715: 'vkInit::makePipelineLayout': not all control paths return a value
C:\Facultate\LearningVulkan\VulkanEngine\GraphicsPipeline.hpp(94): warning C4715: 'vkInit::makeRenderPass': not all control paths return a value
LINK : warning LNK4098: defaultlib 'MSVCRT' conflicts with use of other libs; use /NODEFAULTLIB:library
  VulkanEngine.vcxproj -> C:\Facultate\LearningVulkan\VulkanEngine\x64\Debug\VulkanEngine.exe
